
连接到: Oracle Database 11g Enterprise Edition Release 11.2.0.1.0 - 64bit Production
With the Partitioning, OLAP, Data Mining and Real Application Testing options
已导出 ZHS16GBK 字符集和 AL16UTF16 NCHAR 字符集
服务器使用 AL32UTF8 字符集 (可能的字符集转换)

即将导出指定的用户...
. 正在导出 pre-schema 过程对象和操作
. 正在导出用户 JYDHK 的外部函数库名
. 导出 PUBLIC 类型同义词
. 正在导出专用类型同义词
. 正在导出用户 JYDHK 的对象类型定义
即将导出 JYDHK 的对象...
. 正在导出数据库链接
. 正在导出序号
. 正在导出簇定义
. 即将导出 JYDHK 的表通过常规路径...
. . 正在导出表                      PLAN_TABLE
导出了                                                             0 行
EXP-00091: 正在导出有问题的统计信息。
. . 正在导出表               TAB_BASE_AUTOCODE
导出了                                                             8 行
EXP-00091: 正在导出有问题的统计信息。
EXP-00091: 正在导出有问题的统计信息。
. . 正在导出表                TAB_BASE_CATDATA
导出了                                                           135 行
EXP-00091: 正在导出有问题的统计信息。
EXP-00091: 正在导出有问题的统计信息。
EXP-00091: 正在导出有问题的统计信息。
. . 正在导出表               TAB_BASE_CATEGORY
导出了                                                            19 行
EXP-00091: 正在导出有问题的统计信息。
EXP-00091: 正在导出有问题的统计信息。
. . 正在导出表                TAB_BASE_COMPANY
导出了                                                             4 行
EXP-00091: 正在导出有问题的统计信息。
EXP-00091: 正在导出有问题的统计信息。
EXP-00091: 正在导出有问题的统计信息。
. . 正在导出表               TAB_BASE_CUSTOMER
导出了                                                             1 行
EXP-00091: 正在导出有问题的统计信息。
EXP-00091: 正在导出有问题的统计信息。
EXP-00091: 正在导出有问题的统计信息。
EXP-00091: 正在导出有问题的统计信息。
. . 正在导出表          TAB_BASE_CUS_STOREAREA
导出了                                                             3 行
EXP-00091: 正在导出有问题的统计信息。
EXP-00091: 正在导出有问题的统计信息。
EXP-00091: 正在导出有问题的统计信息。
. . 正在导出表                   TAB_BASE_DUTY
导出了                                                             6 行
EXP-00091: 正在导出有问题的统计信息。
EXP-00091: 正在导出有问题的统计信息。
EXP-00091: 正在导出有问题的统计信息。
. . 正在导出表                TAB_BASE_EMSBILL
导出了                                                           100 行
EXP-00091: 正在导出有问题的统计信息。
EXP-00091: 正在导出有问题的统计信息。
EXP-00091: 正在导出有问题的统计信息。
. . 正在导出表                  TAB_BASE_GOODS
导出了                                                             0 行
EXP-00091: 正在导出有问题的统计信息。
EXP-00091: 正在导出有问题的统计信息。
EXP-00091: 正在导出有问题的统计信息。
. . 正在导出表               TAB_BASE_GOODTYPE
导出了                                                             1 行
EXP-00091: 正在导出有问题的统计信息。
EXP-00091: 正在导出有问题的统计信息。
EXP-00091: 正在导出有问题的统计信息。
. . 正在导出表               TAB_BASE_INEXCEPT
导出了                                                             1 行
EXP-00091: 正在导出有问题的统计信息。
EXP-00091: 正在导出有问题的统计信息。
. . 正在导出表                TAB_BASE_PACKAGE
导出了                                                             5 行
EXP-00091: 正在导出有问题的统计信息。
EXP-00091: 正在导出有问题的统计信息。
. . 正在导出表              TAB_BASE_STOREAREA
导出了                                                             3 行
EXP-00091: 正在导出有问题的统计信息。
EXP-00091: 正在导出有问题的统计信息。
. . 正在导出表             TAB_BASE_STORESHELF
.
导出了                                                          1872 行
EXP-00091: 正在导出有问题的统计信息。
EXP-00091: 正在导出有问题的统计信息。
EXP-00091: 正在导出有问题的统计信息。
. . 正在导出表           TAB_BASE_STOREWARNING
导出了                                                             1 行
EXP-00091: 正在导出有问题的统计信息。
EXP-00091: 正在导出有问题的统计信息。
EXP-00091: 正在导出有问题的统计信息。
EXP-00091: 正在导出有问题的统计信息。
. . 正在导出表                     TAB_IN_BILL
导出了                                                             0 行
EXP-00091: 正在导出有问题的统计信息。
EXP-00091: 正在导出有问题的统计信息。
EXP-00091: 正在导出有问题的统计信息。
. . 正在导出表               TAB_IN_BILLDETAIL
导出了                                                             0 行
EXP-00091: 正在导出有问题的统计信息。
EXP-00091: 正在导出有问题的统计信息。
EXP-00091: 正在导出有问题的统计信息。
EXP-00091: 正在导出有问题的统计信息。
. . 正在导出表          TAB_IN_BILLDETAILSTORE
导出了                                                             0 行
EXP-00091: 正在导出有问题的统计信息。
EXP-00091: 正在导出有问题的统计信息。
EXP-00091: 正在导出有问题的统计信息。
. . 正在导出表            TAB_IN_BILLEXCEPTION
导出了                                                             0 行
EXP-00091: 正在导出有问题的统计信息。
EXP-00091: 正在导出有问题的统计信息。
EXP-00091: 正在导出有问题的统计信息。
EXP-00091: 正在导出有问题的统计信息。
. . 正在导出表                    TAB_IN_ORDER
导出了                                                             0 行
EXP-00091: 正在导出有问题的统计信息。
EXP-00091: 正在导出有问题的统计信息。
EXP-00091: 正在导出有问题的统计信息。
. . 正在导出表              TAB_IN_ORDERDETAIL
导出了                                                             0 行
EXP-00091: 正在导出有问题的统计信息。
EXP-00091: 正在导出有问题的统计信息。
EXP-00091: 正在导出有问题的统计信息。
. . 正在导出表                TAB_LOG_DATAINFO
导出了                                                             0 行
EXP-00091: 正在导出有问题的统计信息。
EXP-00091: 正在导出有问题的统计信息。
EXP-00091: 正在导出有问题的统计信息。
EXP-00091: 正在导出有问题的统计信息。
EXP-00091: 正在导出有问题的统计信息。
EXP-00091: 正在导出有问题的统计信息。
. . 正在导出表              TAB_LOG_DELETEINFO
导出了                                                             0 行
EXP-00091: 正在导出有问题的统计信息。
EXP-00091: 正在导出有问题的统计信息。
EXP-00091: 正在导出有问题的统计信息。
EXP-00091: 正在导出有问题的统计信息。
. . 正在导出表               TAB_LOG_LOGININFO
导出了                                                             1 行
EXP-00091: 正在导出有问题的统计信息。
EXP-00091: 正在导出有问题的统计信息。
EXP-00091: 正在导出有问题的统计信息。
. . 正在导出表            TAB_OUT_JOBEXCEPTION
导出了                                                             0 行
EXP-00091: 正在导出有问题的统计信息。
EXP-00091: 正在导出有问题的统计信息。
EXP-00091: 正在导出有问题的统计信息。
EXP-00091: 正在导出有问题的统计信息。
EXP-00091: 正在导出有问题的统计信息。
. . 正在导出表                   TAB_OUT_ORDER
导出了                                                             0 行
EXP-00091: 正在导出有问题的统计信息。
EXP-00091: 正在导出有问题的统计信息。
EXP-00091: 正在导出有问题的统计信息。
EXP-00091: 正在导出有问题的统计信息。
EXP-00091: 正在导出有问题的统计信息。
EXP-00091: 正在导出有问题的统计信息。
EXP-00091: 正在导出有问题的统计信息。
EXP-00091: 正在导出有问题的统计信息。
. . 正在导出表             TAB_OUT_ORDERDETAIL
导出了                                                             0 行
EXP-00091: 正在导出有问题的统计信息。
EXP-00091: 正在导出有问题的统计信息。
EXP-00091: 正在导出有问题的统计信息。
. . 正在导出表        TAB_OUT_ORDERDETAILSTORE
导出了                                                             0 行
EXP-00091: 正在导出有问题的统计信息。
EXP-00091: 正在导出有问题的统计信息。
EXP-00091: 正在导出有问题的统计信息。
. . 正在导出表             TAB_OUT_PASSONSHEET
导出了                                                             0 行
EXP-00091: 正在导出有问题的统计信息。
EXP-00091: 正在导出有问题的统计信息。
EXP-00091: 正在导出有问题的统计信息。
. . 正在导出表              TAB_OUT_PICKUPBILL
导出了                                                             0 行
EXP-00091: 正在导出有问题的统计信息。
EXP-00091: 正在导出有问题的统计信息。
EXP-00091: 正在导出有问题的统计信息。
EXP-00091: 正在导出有问题的统计信息。
. . 正在导出表         TAB_OUT_PICKUPBILLDETAL
导出了                                                             0 行
EXP-00091: 正在导出有问题的统计信息。
EXP-00091: 正在导出有问题的统计信息。
EXP-00091: 正在导出有问题的统计信息。
EXP-00091: 正在导出有问题的统计信息。
. . 正在导出表                    TAB_OUT_WAVE
导出了                                                             0 行
EXP-00091: 正在导出有问题的统计信息。
EXP-00091: 正在导出有问题的统计信息。
. . 正在导出表                    TAB_SO_ORDER
导出了                                                             0 行
EXP-00091: 正在导出有问题的统计信息。
EXP-00091: 正在导出有问题的统计信息。
. . 正在导出表              TAB_SO_ORDERDETAIL
导出了                                                             0 行
EXP-00091: 正在导出有问题的统计信息。
EXP-00091: 正在导出有问题的统计信息。
. . 正在导出表                   TAB_STO_CHECK
导出了                                                             0 行
EXP-00091: 正在导出有问题的统计信息。
EXP-00091: 正在导出有问题的统计信息。
EXP-00091: 正在导出有问题的统计信息。
. . 正在导出表             TAB_STO_CHECKDETAIL
导出了                                                             0 行
EXP-00091: 正在导出有问题的统计信息。
EXP-00091: 正在导出有问题的统计信息。
EXP-00091: 正在导出有问题的统计信息。
EXP-00091: 正在导出有问题的统计信息。
. . 正在导出表             TAB_STO_CHECKEXCEPT
导出了                                                             0 行
EXP-00091: 正在导出有问题的统计信息。
EXP-00091: 正在导出有问题的统计信息。
EXP-00091: 正在导出有问题的统计信息。
. . 正在导出表                TAB_STO_CHECKJOB
导出了                                                             0 行
EXP-00091: 正在导出有问题的统计信息。
EXP-00091: 正在导出有问题的统计信息。
EXP-00091: 正在导出有问题的统计信息。
. . 正在导出表             TAB_STO_MOVEHISTORY
导出了                                                             0 行
EXP-00091: 正在导出有问题的统计信息。
EXP-00091: 正在导出有问题的统计信息。
EXP-00091: 正在导出有问题的统计信息。
. . 正在导出表                   TAB_STO_STORE
导出了                                                             0 行
EXP-00091: 正在导出有问题的统计信息。
EXP-00091: 正在导出有问题的统计信息。
EXP-00091: 正在导出有问题的统计信息。
EXP-00091: 正在导出有问题的统计信息。
EXP-00091: 正在导出有问题的统计信息。
EXP-00091: 正在导出有问题的统计信息。
EXP-00091: 正在导出有问题的统计信息。
. . 正在导出表               TAB_STO_STOREEDIT
导出了                                                             0 行
EXP-00091: 正在导出有问题的统计信息。
EXP-00091: 正在导出有问题的统计信息。
. . 正在导出表               TAB_SYS_FLOWCHART
导出了                                                            23 行
EXP-00091: 正在导出有问题的统计信息。
EXP-00091: 正在导出有问题的统计信息。
. . 正在导出表                    TAB_SYS_FUNC
导出了                                                            61 行
EXP-00091: 正在导出有问题的统计信息。
EXP-00091: 正在导出有问题的统计信息。
. . 正在导出表              TAB_SYS_FUNCBUTTON
导出了                                                            26 行
EXP-00091: 正在导出有问题的统计信息。
EXP-00091: 正在导出有问题的统计信息。
EXP-00091: 正在导出有问题的统计信息。
. . 正在导出表                   TAB_SYS_PARAM
导出了                                                             3 行
EXP-00091: 正在导出有问题的统计信息。
EXP-00091: 正在导出有问题的统计信息。
. . 正在导出表                    TAB_SYS_ROLE
导出了                                                             2 行
EXP-00091: 正在导出有问题的统计信息。
EXP-00091: 正在导出有问题的统计信息。
. . 正在导出表                TAB_SYS_ROLEFUNC
导出了                                                            62 行
EXP-00091: 正在导出有问题的统计信息。
EXP-00091: 正在导出有问题的统计信息。
EXP-00091: 正在导出有问题的统计信息。
. . 正在导出表                    TAB_SYS_USER
导出了                                                             5 行
EXP-00091: 正在导出有问题的统计信息。
EXP-00091: 正在导出有问题的统计信息。
EXP-00091: 正在导出有问题的统计信息。
. . 正在导出表                TAB_SYS_USERROLE
导出了                                                             3 行
EXP-00091: 正在导出有问题的统计信息。
EXP-00091: 正在导出有问题的统计信息。
EXP-00091: 正在导出有问题的统计信息。
. . 正在导出表                         TAB_TMP
.
导出了                                                          1249 行
EXP-00091: 正在导出有问题的统计信息。
. . 正在导出表              TAB_TMP_NEWUPSTAIR
导出了                                                             0 行
EXP-00091: 正在导出有问题的统计信息。
EXP-00091: 正在导出有问题的统计信息。
. 正在导出同义词
. 正在导出视图
. 正在导出存储过程
. 正在导出运算符
. 正在导出引用完整性约束条件
. 正在导出触发器
. 正在导出索引类型
. 正在导出位图, 功能性索引和可扩展索引
. 正在导出后期表活动
. 正在导出实体化视图
. 正在导出快照日志
. 正在导出作业队列
. 正在导出刷新组和子组
. 正在导出维
. 正在导出 post-schema 过程对象和操作
. 正在导出统计信息
导出成功终止, 但出现警告。
